Determining if the pthread_create exist failed with the following output:
Change Dir: /home/jcamisama/ROS_Stuff/kobuki_navigation_ws/build/CMakeFiles/CMakeTmp

Run Build Command:"/usr/bin/make" "cmTC_629be/fast"
/usr/bin/make -f CMakeFiles/cmTC_629be.dir/build.make CMakeFiles/cmTC_629be.dir/build
make[1]: Entering directory '/home/jcamisama/ROS_Stuff/kobuki_navigation_ws/build/CMakeFiles/CMakeTmp'
Building C object CMakeFiles/cmTC_629be.dir/CheckSymbolExists.c.o
/usr/bin/cc     -o CMakeFiles/cmTC_629be.dir/CheckSymbolExists.c.o   -c /home/jcamisama/ROS_Stuff/kobuki_navigation_ws/build/CMakeFiles/CMakeTmp/CheckSymbolExists.c
Linking C executable cmTC_629be
/usr/bin/cmake -E cmake_link_script CMakeFiles/cmTC_629be.dir/link.txt --verbose=1
/usr/bin/cc       CMakeFiles/cmTC_629be.dir/CheckSymbolExists.c.o  -o cmTC_629be -rdynamic 
CMakeFiles/cmTC_629be.dir/CheckSymbolExists.c.o: In function `main':
CheckSymbolExists.c:(.text+0x16): undefined reference to `pthread_create'
collect2: error: ld returned 1 exit status
CMakeFiles/cmTC_629be.dir/build.make:97: recipe for target 'cmTC_629be' failed
make[1]: *** [cmTC_629be] Error 1
make[1]: Leaving directory '/home/jcamisama/ROS_Stuff/kobuki_navigation_ws/build/CMakeFiles/CMakeTmp'
Makefile:126: recipe for target 'cmTC_629be/fast' failed
make: *** [cmTC_629be/fast] Error 2

File /home/jcamisama/ROS_Stuff/kobuki_navigation_ws/build/CMakeFiles/CMakeTmp/CheckSymbolExists.c:
/* */
#include <pthread.h>

int main(int argc, char** argv)
{
  (void)argv;
#ifndef pthread_create
  return ((int*)(&pthread_create))[argc];
#else
  (void)argc;
  return 0;
#endif
}

Determining if the function pthread_create exists in the pthreads failed with the following output:
Change Dir: /home/jcamisama/ROS_Stuff/kobuki_navigation_ws/build/CMakeFiles/CMakeTmp

Run Build Command:"/usr/bin/make" "cmTC_7f31b/fast"
/usr/bin/make -f CMakeFiles/cmTC_7f31b.dir/build.make CMakeFiles/cmTC_7f31b.dir/build
make[1]: Entering directory '/home/jcamisama/ROS_Stuff/kobuki_navigation_ws/build/CMakeFiles/CMakeTmp'
Building C object CMakeFiles/cmTC_7f31b.dir/CheckFunctionExists.c.o
/usr/bin/cc    -DCHECK_FUNCTION_EXISTS=pthread_create   -o CMakeFiles/cmTC_7f31b.dir/CheckFunctionExists.c.o   -c /usr/share/cmake-3.5/Modules/CheckFunctionExists.c
Linking C executable cmTC_7f31b
/usr/bin/cmake -E cmake_link_script CMakeFiles/cmTC_7f31b.dir/link.txt --verbose=1
/usr/bin/cc   -DCHECK_FUNCTION_EXISTS=pthread_create    CMakeFiles/cmTC_7f31b.dir/CheckFunctionExists.c.o  -o cmTC_7f31b -rdynamic -lpthreads 
/usr/bin/ld: cannot find -lpthreads
collect2: error: ld returned 1 exit status
CMakeFiles/cmTC_7f31b.dir/build.make:97: recipe for target 'cmTC_7f31b' failed
make[1]: *** [cmTC_7f31b] Error 1
make[1]: Leaving directory '/home/jcamisama/ROS_Stuff/kobuki_navigation_ws/build/CMakeFiles/CMakeTmp'
Makefile:126: recipe for target 'cmTC_7f31b/fast' failed
make: *** [cmTC_7f31b/fast] Error 2


